integral_pavement
dependent_ax
new_coal
plastic_capital
unlikely_tilling
plain_cradles
technical_schedulers
icy_varieties
variable_conduct
bewildered_spears
sole_lists
everyday_alphabets
profound_bottoms
inquisitive_tab
obnoxious_cathodes
various_discipline
pleased_forearms
rainy_convention
lost_operands
american_adjustments
motionless_centers
critical_discretion
dead_tensions
japanese_rinses
pretty_mounts
controlled_forearm
mad_airspeeds
qualified_cloths
improved_fashions
controlled_countries
easy_indicators
asian_libraries
peculiar_bridges
specified_entrance
determined_lumber
polite_feed
tender_lender
busy_possibility
gothic_tabulations
strong_apportionment
separate_explosion
sensitive_restaurants
fine_congress
only_radians
spotty_monoliths
watery_deployment
prepared_parameters
melodic_peacetime
planned_tents
select_advance
additional_petroleum
blushing_directory
appropriate_carpets
hot_throttle
hilarious_tapes
living_exceptions
red_digestion
ugly_meats
precise_counselor
hot_mountain
civic_sectors
basic_list
confused_advancements
empty_twist
useless_engineering
reduced_seamanship
victorian_performance
confused_ampere
satisfied_sockets
funny_boresight
little_zone
important_swamp
experienced_bunches
rolling_prism
lucky_demonstrations
healthy_health
wasteful_retrievals
territorial_depth
magnificent_latch
excessive_harmony
familiar_parachutes
allied_depth
disappointed_answers
helpful_demonstration
wet_documents
working_hygiene
